<?xml version="1.0" encoding="UTF-8"?>
<testsuite xmlns:xsi="http://www.w3.org/2001/XMLSchema-instance" xsi:noNamespaceSchemaLocation="https://maven.apache.org/surefire/maven-surefire-plugin/xsd/surefire-test-report-3.0.xsd" version="3.0" name="automationframework.support.helpers.files.YmlTest" time="0.05" tests="1" errors="0" skipped="0" failures="0">
  <properties>
[...]
</properties>
  <testcase name="ymlTest" classname="automationframework.support.helpers.files.YmlTest" time="0.049">
    <system-out><![CDATA[{OnboardingPage={Choose_Country_DDL=//*[@data-id = 'login.chooseCountry'], Choose_Language_DDL=//*[@data-id = 'login.chooseLanguage'], Confirm_Btn=null}, LoginPage={Username_Txt_Box=, Password_Txt_Box=, Login_Btn=}}
]]></system-out>
  </testcase>
</testsuite>